<?xml version="1.0" encoding="UTF-8"?>
<!-- Generated by org.testng.reporters.JUnitReportReporter -->
<testsuite skipped="0" hostname="Amits-MacBook-Pro.local" name="com.tpddl.apps.learntestng.UserTest" tests="1" failures="0" timestamp="2020-09-18T10:54:37 IST" time="0.001" errors="0">
  <testcase name="profile" time="0.001" classname="com.tpddl.apps.learntestng.UserTest"/>
  <system-out/>
</testsuite> <!-- com.tpddl.apps.learntestng.UserTest -->
