<?xml version="1.0" encoding="UTF-8"?>
<!-- Generated by org.testng.reporters.JUnitReportReporter -->
<testsuite skipped="3" hostname="Amits-MacBook-Pro.local" name="com.tpddl.appiumtesting.test.Five" tests="4" failures="0" timestamp="2020-09-17T11:31:34 IST" time="13.400" errors="0">
  <testcase name="three" time="13.400" classname="com.tpddl.appiumtesting.test.Five"/>
  <system-out/>
  <testcase name="one" classname="com.tpddl.appiumtesting.test.Five">
    <skipped/>
  </testcase> <!-- one -->
  <system-out/>
  <testcase name="second" classname="com.tpddl.appiumtesting.test.Five">
    <skipped/>
  </testcase> <!-- second -->
  <system-out/>
  <testcase name="two" classname="com.tpddl.appiumtesting.test.Five">
    <skipped/>
  </testcase> <!-- two -->
  <system-out/>
</testsuite> <!-- com.tpddl.appiumtesting.test.Five -->
