<?xml version="1.0" encoding="UTF-8"?>
<!-- Generated by org.testng.reporters.JUnitReportReporter -->
<testsuite skipped="0" hostname="Amits-MacBook-Pro.local" name="com.tpddl.appiumtesting.test.AutoCompleteTest" tests="1" failures="0" timestamp="2020-09-21T10:04:44 IST" time="16.772" errors="0">
  <testcase name="autoComplete" time="16.772" classname="com.tpddl.appiumtesting.test.AutoCompleteTest"/>
  <system-out/>
</testsuite> <!-- com.tpddl.appiumtesting.test.AutoCompleteTest -->
