<?xml version="1.0" encoding="UTF-8"?>
<!-- Generated by org.testng.reporters.JUnitReportReporter -->
<testsuite skipped="0" hostname="Amits-MacBook-Pro.local" name="com.tpddl.appiumtesting.test.MultiControls" tests="1" failures="0" timestamp="2020-09-21T10:33:38 IST" time="21.574" errors="0">
  <testcase name="testControls" time="21.574" classname="com.tpddl.appiumtesting.test.MultiControls"/>
  <system-out/>
</testsuite> <!-- com.tpddl.appiumtesting.test.MultiControls -->
