<?xml version="1.0" encoding="UTF-8"?>
<!-- Generated by org.testng.reporters.JUnitReportReporter -->
<testsuite skipped="0" hostname="Amits-MacBook-Pro.local" name="com.tpddl.appiumtesting.test.DateTimeHandle" tests="1" failures="0" timestamp="2020-09-21T11:22:43 IST" time="21.734" errors="0">
  <testcase name="testDateTime" time="21.734" classname="com.tpddl.appiumtesting.test.DateTimeHandle"/>
  <system-out/>
</testsuite> <!-- com.tpddl.appiumtesting.test.DateTimeHandle -->
