<?xml version="1.0" encoding="UTF-8"?>
<testsuite xmlns:xsi="http://www.w3.org/2001/XMLSchema-instance" xsi:noNamespaceSchemaLocation="https://maven.apache.org/surefire/maven-surefire-plugin/xsd/surefire-test-report.xsd" name="TestSuite" time="5.38" tests="8" errors="0" skipped="0" failures="0">
  <properties>
    <property name="awt.toolkit" value="sun.lwawt.macosx.LWCToolkit"/>
    <property name="java.specification.version" value="12"/>
    <property name="sun.jnu.encoding" value="UTF-8"/>
    <property name="java.class.path" value="/Users/amit/Documents/tpddl-automation/testngdemos/target/test-classes:/Users/amit/Documents/tpddl-automation/testngdemos/target/classes:/Users/amit/.m2/repository/org/testng/testng/7.1.0/testng-7.1.0.jar:/Users/amit/.m2/repository/com/beust/jcommander/1.72/jcommander-1.72.jar:/Users/amit/.m2/repository/com/google/inject/guice/4.1.0/guice-4.1.0-no_aop.jar:/Users/amit/.m2/repository/javax/inject/javax.inject/1/javax.inject-1.jar:/Users/amit/.m2/repository/aopalliance/aopalliance/1.0/aopalliance-1.0.jar:/Users/amit/.m2/repository/com/google/guava/guava/19.0/guava-19.0.jar:/Users/amit/.m2/repository/org/yaml/snakeyaml/1.21/snakeyaml-1.21.jar:/Users/amit/.m2/repository/com/brainmentors/testingapp/webtesting/0.0.1-SNAPSHOT/webtesting-0.0.1-SNAPSHOT.jar:"/>
    <property name="java.vm.vendor" value="Oracle Corporation"/>
    <property name="sun.arch.data.model" value="64"/>
    <property name="java.vendor.url" value="https://java.oracle.com/"/>
    <property name="os.name" value="Mac OS X"/>
    <property name="java.vm.specification.version" value="12"/>
    <property name="sun.java.launcher" value="SUN_STANDARD"/>
    <property name="user.country" value="GB"/>
    <property name="sun.boot.library.path" value="/Library/Java/JavaVirtualMachines/jdk-12.0.1.jdk/Contents/Home/lib"/>
    <property name="sun.java.command" value="/Users/amit/Documents/tpddl-automation/testngdemos/target/surefire/surefirebooter12568705973370334136.jar /Users/amit/Documents/tpddl-automation/testngdemos/target/surefire 2020-08-07T11-15-44_021-jvmRun1 surefire9652634927913217809tmp surefire_015837552012703755802tmp"/>
    <property name="http.nonProxyHosts" value="local|*.local|169.254/16|*.169.254/16"/>
    <property name="jdk.debug" value="release"/>
    <property name="surefire.test.class.path" value="/Users/amit/Documents/tpddl-automation/testngdemos/target/test-classes:/Users/amit/Documents/tpddl-automation/testngdemos/target/classes:/Users/amit/.m2/repository/org/testng/testng/7.1.0/testng-7.1.0.jar:/Users/amit/.m2/repository/com/beust/jcommander/1.72/jcommander-1.72.jar:/Users/amit/.m2/repository/com/google/inject/guice/4.1.0/guice-4.1.0-no_aop.jar:/Users/amit/.m2/repository/javax/inject/javax.inject/1/javax.inject-1.jar:/Users/amit/.m2/repository/aopalliance/aopalliance/1.0/aopalliance-1.0.jar:/Users/amit/.m2/repository/com/google/guava/guava/19.0/guava-19.0.jar:/Users/amit/.m2/repository/org/yaml/snakeyaml/1.21/snakeyaml-1.21.jar:/Users/amit/.m2/repository/com/brainmentors/testingapp/webtesting/0.0.1-SNAPSHOT/webtesting-0.0.1-SNAPSHOT.jar:"/>
    <property name="sun.cpu.endian" value="little"/>
    <property name="user.home" value="/Users/amit"/>
    <property name="user.language" value="en"/>
    <property name="java.specification.vendor" value="Oracle Corporation"/>
    <property name="java.version.date" value="2019-04-16"/>
    <property name="java.home" value="/Library/Java/JavaVirtualMachines/jdk-12.0.1.jdk/Contents/Home"/>
    <property name="file.separator" value="/"/>
    <property name="basedir" value="/Users/amit/Documents/tpddl-automation/testngdemos"/>
    <property name="java.vm.compressedOopsMode" value="Zero based"/>
    <property name="line.separator" value="&#10;"/>
    <property name="java.specification.name" value="Java Platform API Specification"/>
    <property name="java.vm.specification.vendor" value="Oracle Corporation"/>
    <property name="java.awt.graphicsenv" value="sun.awt.CGraphicsEnvironment"/>
    <property name="surefire.real.class.path" value="/Users/amit/Documents/tpddl-automation/testngdemos/target/surefire/surefirebooter12568705973370334136.jar"/>
    <property name="sun.management.compiler" value="HotSpot 64-Bit Tiered Compilers"/>
    <property name="ftp.nonProxyHosts" value="local|*.local|169.254/16|*.169.254/16"/>
    <property name="java.runtime.version" value="12.0.1+12"/>
    <property name="user.name" value="amit"/>
    <property name="path.separator" value=":"/>
    <property name="os.version" value="10.15.4"/>
    <property name="java.runtime.name" value="Java(TM) SE Runtime Environment"/>
    <property name="file.encoding" value="UTF-8"/>
    <property name="java.vm.name" value="Java HotSpot(TM) 64-Bit Server VM"/>
    <property name="localRepository" value="/Users/amit/.m2/repository"/>
    <property name="java.vendor.url.bug" value="https://bugreport.java.com/bugreport/"/>
    <property name="java.io.tmpdir" value="/var/folders/vv/907tb46142l6xq47x0y225wm0000gn/T/"/>
    <property name="java.version" value="12.0.1"/>
    <property name="user.dir" value="/Users/amit/Documents/tpddl-automation/testngdemos"/>
    <property name="os.arch" value="x86_64"/>
    <property name="java.vm.specification.name" value="Java Virtual Machine Specification"/>
    <property name="java.library.path" value="/Users/amit/Library/Java/Extensions:/Library/Java/Extensions:/Network/Library/Java/Extensions:/System/Library/Java/Extensions:/usr/lib/java:."/>
    <property name="java.vm.info" value="mixed mode, sharing"/>
    <property name="java.vendor" value="Oracle Corporation"/>
    <property name="java.vm.version" value="12.0.1+12"/>
    <property name="sun.io.unicode.encoding" value="UnicodeBig"/>
    <property name="socksNonProxyHosts" value="local|*.local|169.254/16|*.169.254/16"/>
    <property name="java.class.version" value="56.0"/>
  </properties>
  <testcase name="dependent" classname="com.brainmentors.testngapp.testngdemos.AppTest" time="0.002"/>
  <testcase name="test1" classname="com.brainmentors.testngapp.testngdemos.AppTest" time="0.002"/>
  <testcase name="test1" classname="com.brainmentors.testngapp.testngdemos.AppTest" time="0.002"/>
  <testcase name="testParameter" classname="com.brainmentors.testngapp.testngdemos.AppTest" time="0.001"/>
  <testcase name="test2" classname="com.brainmentors.testngapp.testngdemos.AppTest" time="0"/>
  <testcase name="test5" classname="com.brainmentors.testngapp.testngdemos.AppTest" time="0.001"/>
  <testcase name="test6" classname="com.brainmentors.testngapp.testngdemos.AppTest" time="0"/>
  <testcase name="test3" classname="com.brainmentors.testngapp.testngdemos.TestSecond" time="0.001"/>
</testsuite>