<?xml version="1.0" encoding="UTF-8"?>
<!-- Generated by org.testng.reporters.JUnitReportReporter -->
<testsuite skipped="0" hostname="Amits-MacBook-Pro.local" name="com.brainmentors.grid.gridtest.AppTest" tests="1" failures="0" timestamp="2020-08-25T10:53:46 IST" time="8.511" errors="0">
  <testcase name="gridTest" time="8.511" classname="com.brainmentors.grid.gridtest.AppTest"/>
  <system-out/>
</testsuite> <!-- com.brainmentors.grid.gridtest.AppTest -->
