<?xml version="1.0" encoding="UTF-8"?>
<!-- Generated by org.testng.reporters.JUnitReportReporter -->
<testsuite skipped="0" hostname="Amits-MacBook-Pro.local" name="com.brainmentors.keyworddriven.keyworddriven.test.CommandExecutor" tests="1" failures="0" timestamp="2020-08-18T11:20:28 IST" time="7.077" errors="0">
  <testcase name="execute" time="7.077" classname="com.brainmentors.keyworddriven.keyworddriven.test.CommandExecutor"/>
  <system-out/>
</testsuite> <!-- com.brainmentors.keyworddriven.keyworddriven.test.CommandExecutor -->
