<?xml version="1.0" encoding="UTF-8"?>
<!-- Generated by org.testng.reporters.JUnitReportReporter -->
<testsuite hostname="Amits-MacBook-Pro.local" failures="0" tests="1" name="com.brainmentors.testngapp.testngdemos.TestSecond" time="0.000" errors="0" timestamp="2020-08-07T11:15:49 IST" skipped="0">
  <testcase classname="com.brainmentors.testngapp.testngdemos.TestSecond" name="test3" time="0.000"/>
  <system-out/>
</testsuite> <!-- com.brainmentors.testngapp.testngdemos.TestSecond -->
