<?xml version="1.0" encoding="UTF-8"?>
<!-- Generated by org.testng.reporters.JUnitReportReporter -->
<testsuite hostname="Amits-MacBook-Pro.local" failures="0" tests="7" name="com.brainmentors.testngapp.testngdemos.AppTest" time="0.005" errors="0" timestamp="2020-08-07T11:15:49 IST" skipped="0">
  <testcase classname="com.brainmentors.testngapp.testngdemos.AppTest" name="test2" time="0.000"/>
  <system-out/>
  <testcase classname="com.brainmentors.testngapp.testngdemos.AppTest" name="testParameter" time="0.000"/>
  <system-out/>
  <testcase classname="com.brainmentors.testngapp.testngdemos.AppTest" name="test1" time="0.001"/>
  <system-out/>
  <testcase classname="com.brainmentors.testngapp.testngdemos.AppTest" name="test5" time="0.001"/>
  <system-out/>
  <testcase classname="com.brainmentors.testngapp.testngdemos.AppTest" name="dependent" time="0.002"/>
  <system-out/>
  <testcase classname="com.brainmentors.testngapp.testngdemos.AppTest" name="test6" time="0.000"/>
  <system-out/>
  <testcase classname="com.brainmentors.testngapp.testngdemos.AppTest" name="test1" time="0.001"/>
  <system-out/>
</testsuite> <!-- com.brainmentors.testngapp.testngdemos.AppTest -->
