<?xml version="1.0" encoding="UTF-8"?>
<!-- Generated by org.testng.reporters.JUnitReportReporter -->
<testsuite skipped="0" hostname="Amits-MacBook-Pro.local" name="com.brainmentors.testingapp.webtesting.AppTest" tests="2" failures="0" timestamp="2020-08-05T10:22:04 IST" time="5.394" errors="0">
  <testcase name="testCase2" time="2.972" classname="com.brainmentors.testingapp.webtesting.AppTest"/>
  <system-out/>
  <testcase name="testCricAPI" time="2.422" classname="com.brainmentors.testingapp.webtesting.AppTest"/>
  <system-out/>
</testsuite> <!-- com.brainmentors.testingapp.webtesting.AppTest -->
