<?xml version="1.0" encoding="UTF-8"?>
<!-- Generated by org.testng.reporters.JUnitReportReporter -->
<testsuite skipped="0" hostname="Amits-MacBook-Pro.local" name="com.brainmentors.testngapp.testngdemos.TestSecond" tests="1" failures="0" timestamp="2020-08-06T10:52:10 IST" time="0.000" errors="0">
  <testcase name="test3" time="0.000" classname="com.brainmentors.testngapp.testngdemos.TestSecond"/>
  <system-out/>
</testsuite> <!-- com.brainmentors.testngapp.testngdemos.TestSecond -->
