<?xml version="1.0" encoding="UTF-8"?>
<!-- Generated by org.testng.reporters.JUnitReportReporter -->
<testsuite skipped="0" hostname="Amits-MacBook-Pro.local" name="com.brainmentors.testngapp.testngdemos.AppTest" tests="6" failures="0" timestamp="2020-08-06T10:52:05 IST" time="0.017" errors="0">
  <testcase name="test6" time="0.003" classname="com.brainmentors.testngapp.testngdemos.AppTest"/>
  <system-out/>
  <testcase name="test1" time="0.001" classname="com.brainmentors.testngapp.testngdemos.AppTest"/>
  <system-out/>
  <testcase name="dependent" time="0.006" classname="com.brainmentors.testngapp.testngdemos.AppTest"/>
  <system-out/>
  <testcase name="test1" time="0.004" classname="com.brainmentors.testngapp.testngdemos.AppTest"/>
  <system-out/>
  <testcase name="test5" time="0.001" classname="com.brainmentors.testngapp.testngdemos.AppTest"/>
  <system-out/>
  <testcase name="test2" time="0.002" classname="com.brainmentors.testngapp.testngdemos.AppTest"/>
  <system-out/>
</testsuite> <!-- com.brainmentors.testngapp.testngdemos.AppTest -->
