<?xml version="1.0" encoding="UTF-8"?>
<!-- Generated by org.testng.reporters.JUnitReportReporter -->
<testsuite skipped="0" hostname="Amits-MacBook-Pro.local" name="com.brainmentors.testngapp.testngdemos.Third" tests="2" failures="0" timestamp="2020-08-06T10:52:15 IST" time="0.002" errors="0">
  <testcase name="test4" time="0.001" classname="com.brainmentors.testngapp.testngdemos.Third"/>
  <system-out/>
  <testcase name="test4" time="0.001" classname="com.brainmentors.testngapp.testngdemos.Third"/>
  <system-out/>
</testsuite> <!-- com.brainmentors.testngapp.testngdemos.Third -->
